Arguments: 
  /usr/local/Cellar/node/10.9.0/bin/node /usr/local/Cellar/yarn/1.5.1_1/libexec/bin/yarn.js update

PATH: 
  /Users/jijackson/.rvm/gems/ruby-2.4.3/bin:/Users/jijackson/.rvm/gems/ruby-2.4.3@global/bin:/Users/jijackson/.rvm/rubies/ruby-2.4.3/bin:~/.composer/vendor/bin:/Users/jijackson/.rbenv/shims:/opt/local/bin:/opt/local/sbin:/Users/jijackson/.venvburrito/bin:/Library/Frameworks/Python.framework/Versions/3.4/bin:/Library/Frameworks/Python.framework/Versions/3.3/bin:/Applications/XAMPP/xamppfiles/bin:/usr/local/bin:/usr/bin:/bin:/usr/sbin:/sbin:/usr/local/go/bin:/usr/local/share/dotnet:/opt/X11/bin:~/.dotnet/tools:/Library/Frameworks/Mono.framework/Versions/Current/Commands:/Users/jijackson/.rvm/bin

Yarn version: 
  1.5.1

Node version: 
  10.9.0

Platform: 
  darwin x64

npm manifest: 
  No manifest

yarn manifest: 
  No manifest

Lockfile: 
  No lockfile

Trace: 
  Error: Couldn't find a package.json file in "/Users/jijackson/Github/tran-stat"
      at new MessageError (/usr/local/Cellar/yarn/1.5.1_1/libexec/lib/cli.js:186:110)
      at /usr/local/Cellar/yarn/1.5.1_1/libexec/lib/cli.js:40048:15
      at Generator.next (<anonymous>)
      at step (/usr/local/Cellar/yarn/1.5.1_1/libexec/lib/cli.js:98:30)
      at /usr/local/Cellar/yarn/1.5.1_1/libexec/lib/cli.js:109:13
